<?xml version="1.0" encoding="UTF-8"?>
<testsuite xmlns:xsi="http://www.w3.org/2001/XMLSchema-instance" xsi:noNamespaceSchemaLocation="https://maven.apache.org/surefire/maven-surefire-plugin/xsd/surefire-test-report-3.0.xsd" version="3.0" name="com.vente.voiture.VoitureApplicationTests" time="10.189" tests="1" errors="0" skipped="0" failures="0">
  <properties>
[...]
</properties>
  <testcase name="contextLoads" classname="com.vente.voiture.VoitureApplicationTests" time="0.66">
    <system-out><![CDATA[06:06:42.053 [main] INFO org.springframework.test.context.support.AnnotationConfigContextLoaderUtils -- Could not detect default configuration classes for test class [com.vente.voiture.VoitureApplicationTests]: VoitureApplicationTests does not declare any static, non-private, non-final, nested classes annotated with @Configuration.
06:06:42.204 [main] INFO org.springframework.boot.test.context.SpringBootTestContextBootstrapper -- Found @SpringBootConfiguration com.vente.voiture.VoitureApplication for test class com.vente.voiture.VoitureApplicationTests

  .   ____          _            __ _ _
 /\\ / ___'_ __ _ _(_)_ __  __ _ \ \ \ \
( ( )\___ | '_ | '_| | '_ \/ _` | \ \ \ \
 \\/  ___)| |_)| | | | | || (_| |  ) ) ) )
  '  |____| .__|_| |_|_| |_\__, | / / / /
 =========|_|==============|___/=/_/_/_/
 :: Spring Boot ::                (v3.2.1)

2024-01-14T06:06:42.796+03:00  INFO 443710 --- [           main] c.vente.voiture.VoitureApplicationTests  : Starting VoitureApplicationTests using Java 17.0.9 with PID 443710 (started by root in /home/johan/Documents/Rojo/Vente-vehicules/Vente-voiture/Web-service)
2024-01-14T06:06:42.798+03:00  INFO 443710 --- [           main] c.vente.voiture.VoitureApplicationTests  : No active profile set, falling back to 1 default profile: "default"
2024-01-14T06:06:44.235+03:00  INFO 443710 --- [           main] .s.d.r.c.RepositoryConfigurationDelegate : Bootstrapping Spring Data JPA repositories in DEFAULT mode.
2024-01-14T06:06:44.530+03:00  INFO 443710 --- [           main] .s.d.r.c.RepositoryConfigurationDelegate : Finished Spring Data repository scanning in 284 ms. Found 29 JPA repository interfaces.
2024-01-14T06:06:45.030+03:00  WARN 443710 --- [           main] trationDelegate$BeanPostProcessorChecker : Bean 'org.springframework.ws.config.annotation.DelegatingWsConfiguration' of type [org.springframework.ws.config.annotation.DelegatingWsConfiguration$$SpringCGLIB$$0] is not eligible for getting processed by all BeanPostProcessors (for example: not eligible for auto-proxying). The currently created BeanPostProcessor [annotationActionEndpointMapping] is declared through a non-static factory method on that class; consider declaring it as static instead.
2024-01-14T06:06:45.244+03:00  INFO 443710 --- [           main] .w.s.a.s.AnnotationActionEndpointMapping : Supporting [WS-Addressing August 2004, WS-Addressing 1.0]
2024-01-14T06:06:45.471+03:00  INFO 443710 --- [           main] o.hibernate.jpa.internal.util.LogHelper  : HHH000204: Processing PersistenceUnitInfo [name: default]
2024-01-14T06:06:45.522+03:00  INFO 443710 --- [           main] org.hibernate.Version                    : HHH000412: Hibernate ORM core version 6.4.1.Final
2024-01-14T06:06:45.567+03:00  INFO 443710 --- [           main] o.h.c.internal.RegionFactoryInitiator    : HHH000026: Second-level cache disabled
2024-01-14T06:06:45.894+03:00  INFO 443710 --- [           main] o.s.o.j.p.SpringPersistenceUnitInfo      : No LoadTimeWeaver setup: ignoring JPA class transformer
2024-01-14T06:06:45.946+03:00  INFO 443710 --- [           main] com.zaxxer.hikari.HikariDataSource       : HikariPool-1 - Starting...
2024-01-14T06:06:46.734+03:00  INFO 443710 --- [           main] com.zaxxer.hikari.pool.HikariPool        : HikariPool-1 - Added connection org.postgresql.jdbc.PgConnection@2804b13f
2024-01-14T06:06:46.737+03:00  INFO 443710 --- [           main] com.zaxxer.hikari.HikariDataSource       : HikariPool-1 - Start completed.
2024-01-14T06:06:46.776+03:00  WARN 443710 --- [           main] org.hibernate.orm.deprecation            : HHH90000025: PostgreSQLDialect does not need to be specified explicitly using 'hibernate.dialect' (remove the property setting and it will be selected by default)
2024-01-14T06:06:48.648+03:00  INFO 443710 --- [           main] o.h.e.t.j.p.i.JtaPlatformInitiator       : HHH000489: No JTA platform available (set 'hibernate.transaction.jta.platform' to enable JTA platform integration)
2024-01-14T06:06:48.653+03:00  INFO 443710 --- [           main] j.LocalContainerEntityManagerFactoryBean : Initialized JPA EntityManagerFactory for persistence unit 'default'
2024-01-14T06:06:50.503+03:00  WARN 443710 --- [           main] JpaBaseConfiguration$JpaWebConfiguration : spring.jpa.open-in-view is enabled by default. Therefore, database queries may be performed during view rendering. Explicitly configure spring.jpa.open-in-view to disable this warning
2024-01-14T06:06:51.358+03:00  INFO 443710 --- [           main] c.vente.voiture.VoitureApplicationTests  : Started VoitureApplicationTests in 8.936 seconds (process running for 10.671)
]]></system-out>
  </testcase>
</testsuite>